mode: set
github.com/dghubble/oauth1/context.go:18.62,19.60 1 1
github.com/dghubble/oauth1/context.go:22.2,22.12 1 1
github.com/dghubble/oauth1/context.go:19.60,21.3 1 1
github.com/dghubble/oauth1/encode.go:9.41,11.34 2 1
github.com/dghubble/oauth1/encode.go:20.2,20.21 1 1
github.com/dghubble/oauth1/encode.go:11.34,13.22 1 1
github.com/dghubble/oauth1/encode.go:13.22,15.4 1 1
github.com/dghubble/oauth1/encode.go:15.9,18.4 1 1
github.com/dghubble/oauth1/encode.go:25.32,27.74 1 1
github.com/dghubble/oauth1/encode.go:30.2,30.11 1 1
github.com/dghubble/oauth1/encode.go:35.2,35.13 1 1
github.com/dghubble/oauth1/encode.go:27.74,29.3 1 1
github.com/dghubble/oauth1/encode.go:31.26,32.15 1 1
github.com/dghubble/oauth1/noncer.go:19.38,23.2 3 1
github.com/dghubble/oauth1/noncer.go:30.35,34.2 3 0
github.com/dghubble/oauth1/signer.go:30.36,32.2 1 1
github.com/dghubble/oauth1/signer.go:34.99,40.2 5 1
github.com/dghubble/oauth1/signer.go:44.72,46.2 1 1
github.com/dghubble/oauth1/signer.go:55.39,57.2 1 1
github.com/dghubble/oauth1/signer.go:61.75,63.2 1 1
github.com/dghubble/oauth1/signer.go:72.35,74.2 1 0
github.com/dghubble/oauth1/signer.go:78.71,81.16 3 0
github.com/dghubble/oauth1/signer.go:84.2,84.58 1 0
github.com/dghubble/oauth1/signer.go:81.16,83.3 1 0
github.com/dghubble/oauth1/transport.go:26.74,27.21 1 1
github.com/dghubble/oauth1/transport.go:30.2,31.16 2 1
github.com/dghubble/oauth1/transport.go:34.2,34.21 1 1
github.com/dghubble/oauth1/transport.go:38.2,40.16 3 1
github.com/dghubble/oauth1/transport.go:43.2,43.33 1 1
github.com/dghubble/oauth1/transport.go:27.21,29.3 1 1
github.com/dghubble/oauth1/transport.go:31.16,33.3 1 1
github.com/dghubble/oauth1/transport.go:34.21,36.3 1 1
github.com/dghubble/oauth1/transport.go:40.16,42.3 1 0
github.com/dghubble/oauth1/transport.go:46.46,47.19 1 1
github.com/dghubble/oauth1/transport.go:50.2,50.30 1 1
github.com/dghubble/oauth1/transport.go:47.19,49.3 1 1
github.com/dghubble/oauth1/transport.go:55.52,61.31 4 1
github.com/dghubble/oauth1/transport.go:64.2,64.11 1 1
github.com/dghubble/oauth1/transport.go:61.31,63.3 1 0
github.com/dghubble/oauth1/auther.go:46.40,47.19 1 1
github.com/dghubble/oauth1/auther.go:50.2,50.26 1 1
github.com/dghubble/oauth1/auther.go:53.2,55.3 1 1
github.com/dghubble/oauth1/auther.go:47.19,49.3 1 1
github.com/dghubble/oauth1/auther.go:50.26,52.3 1 1
github.com/dghubble/oauth1/auther.go:61.94,64.32 3 1
github.com/dghubble/oauth1/auther.go:67.2,68.16 2 1
github.com/dghubble/oauth1/auther.go:71.2,73.16 3 1
github.com/dghubble/oauth1/auther.go:76.2,77.26 2 1
github.com/dghubble/oauth1/auther.go:80.2,81.12 2 1
github.com/dghubble/oauth1/auther.go:64.32,66.3 1 1
github.com/dghubble/oauth1/auther.go:68.16,70.3 1 0
github.com/dghubble/oauth1/auther.go:73.16,75.3 1 0
github.com/dghubble/oauth1/auther.go:77.26,79.3 1 0
github.com/dghubble/oauth1/auther.go:87.139,91.32 4 1
github.com/dghubble/oauth1/auther.go:94.2,95.16 2 1
github.com/dghubble/oauth1/auther.go:98.2,100.16 3 1
github.com/dghubble/oauth1/auther.go:103.2,105.12 3 1
github.com/dghubble/oauth1/auther.go:91.32,93.3 1 1
github.com/dghubble/oauth1/auther.go:95.16,97.3 1 0
github.com/dghubble/oauth1/auther.go:100.16,102.3 1 0
github.com/dghubble/oauth1/auther.go:109.88,110.43 1 0
github.com/dghubble/oauth1/auther.go:114.2,119.16 5 0
github.com/dghubble/oauth1/auther.go:122.2,124.16 3 0
github.com/dghubble/oauth1/auther.go:127.2,129.12 3 0
github.com/dghubble/oauth1/auther.go:110.43,112.3 1 0
github.com/dghubble/oauth1/auther.go:119.16,121.3 1 0
github.com/dghubble/oauth1/auther.go:124.16,126.3 1 0
github.com/dghubble/oauth1/auther.go:134.84,138.16 4 1
github.com/dghubble/oauth1/auther.go:141.2,143.16 3 1
github.com/dghubble/oauth1/auther.go:146.2,148.12 3 1
github.com/dghubble/oauth1/auther.go:138.16,140.3 1 0
github.com/dghubble/oauth1/auther.go:143.16,145.3 1 0
github.com/dghubble/oauth1/auther.go:155.56,163.26 2 1
github.com/dghubble/oauth1/auther.go:166.2,166.15 1 1
github.com/dghubble/oauth1/auther.go:163.26,165.3 1 1
github.com/dghubble/oauth1/auther.go:170.33,172.2 1 1
github.com/dghubble/oauth1/auther.go:175.32,176.20 1 1
github.com/dghubble/oauth1/auther.go:179.2,179.26 1 1
github.com/dghubble/oauth1/auther.go:176.20,178.3 1 1
github.com/dghubble/oauth1/auther.go:183.34,184.28 1 1
github.com/dghubble/oauth1/auther.go:187.2,187.61 1 1
github.com/dghubble/oauth1/auther.go:184.28,186.3 1 1
github.com/dghubble/oauth1/auther.go:195.60,198.2 2 1
github.com/dghubble/oauth1/auther.go:202.67,204.33 2 1
github.com/dghubble/oauth1/auther.go:207.2,207.16 1 1
github.com/dghubble/oauth1/auther.go:204.33,206.3 1 1
github.com/dghubble/oauth1/auther.go:212.71,216.26 3 1
github.com/dghubble/oauth1/auther.go:220.2,223.27 3 1
github.com/dghubble/oauth1/auther.go:226.2,226.14 1 1
github.com/dghubble/oauth1/auther.go:216.26,219.3 2 1
github.com/dghubble/oauth1/auther.go:223.27,225.3 1 1
github.com/dghubble/oauth1/auther.go:234.101,237.42 2 1
github.com/dghubble/oauth1/auther.go:241.2,241.71 1 1
github.com/dghubble/oauth1/auther.go:258.2,258.38 1 1
github.com/dghubble/oauth1/auther.go:264.2,264.20 1 1
github.com/dghubble/oauth1/auther.go:237.42,240.3 1 1
github.com/dghubble/oauth1/auther.go:241.71,244.17 2 1
github.com/dghubble/oauth1/auther.go:247.3,248.17 2 1
github.com/dghubble/oauth1/auther.go:251.3,251.34 1 1
github.com/dghubble/oauth1/auther.go:256.3,256.50 1 1
github.com/dghubble/oauth1/auther.go:244.17,246.4 1 0
github.com/dghubble/oauth1/auther.go:248.17,250.4 1 0
github.com/dghubble/oauth1/auther.go:251.34,254.4 1 1
github.com/dghubble/oauth1/auther.go:258.38,260.24 1 1
github.com/dghubble/oauth1/auther.go:260.24,262.4 1 1
github.com/dghubble/oauth1/auther.go:270.72,277.2 5 1
github.com/dghubble/oauth1/auther.go:282.40,285.111 3 1
github.com/dghubble/oauth1/auther.go:291.2,292.16 2 1
github.com/dghubble/oauth1/auther.go:295.2,295.53 1 1
github.com/dghubble/oauth1/auther.go:285.111,287.3 1 1
github.com/dghubble/oauth1/auther.go:292.16,294.3 1 1
github.com/dghubble/oauth1/auther.go:302.65,304.2 1 1
github.com/dghubble/oauth1/config.go:49.60,54.2 1 1
github.com/dghubble/oauth1/config.go:57.69,59.2 1 1
github.com/dghubble/oauth1/config.go:62.80,69.2 2 1
github.com/dghubble/oauth1/config.go:78.110,80.16 2 1
github.com/dghubble/oauth1/config.go:83.2,84.16 2 1
github.com/dghubble/oauth1/config.go:88.2,89.16 2 1
github.com/dghubble/oauth1/config.go:93.2,95.47 3 1
github.com/dghubble/oauth1/config.go:98.2,98.55 1 1
github.com/dghubble/oauth1/config.go:101.2,101.41 1 1
github.com/dghubble/oauth1/config.go:80.16,82.3 1 0
github.com/dghubble/oauth1/config.go:84.16,86.3 1 0
github.com/dghubble/oauth1/config.go:89.16,91.3 1 1
github.com/dghubble/oauth1/config.go:95.47,97.3 1 1
github.com/dghubble/oauth1/config.go:98.55,100.3 1 1
github.com/dghubble/oauth1/config.go:108.74,110.16 2 1
github.com/dghubble/oauth1/config.go:113.2,116.30 4 1
github.com/dghubble/oauth1/config.go:110.16,112.3 1 1
github.com/dghubble/oauth1/config.go:124.95,127.16 2 1
github.com/dghubble/oauth1/config.go:130.2,132.42 3 1
github.com/dghubble/oauth1/config.go:135.2,135.36 1 1
github.com/dghubble/oauth1/config.go:127.16,129.3 1 0
github.com/dghubble/oauth1/config.go:132.42,134.3 1 1
github.com/dghubble/oauth1/config.go:144.133,146.16 2 1
github.com/dghubble/oauth1/config.go:149.2,150.16 2 1
github.com/dghubble/oauth1/config.go:154.2,155.16 2 1
github.com/dghubble/oauth1/config.go:159.2,161.45 3 1
github.com/dghubble/oauth1/config.go:165.2,170.8 1 1
github.com/dghubble/oauth1/config.go:146.16,148.3 1 0
github.com/dghubble/oauth1/config.go:150.16,152.3 1 0
github.com/dghubble/oauth1/config.go:155.16,157.3 1 1
github.com/dghubble/oauth1/config.go:161.45,163.3 1 1
github.com/dghubble/oauth1/config.go:173.86,175.38 2 0
github.com/dghubble/oauth1/config.go:179.2,180.16 2 0
github.com/dghubble/oauth1/config.go:183.2,184.16 2 0
github.com/dghubble/oauth1/config.go:188.2,189.16 2 0
github.com/dghubble/oauth1/config.go:193.2,195.45 3 0
github.com/dghubble/oauth1/config.go:199.2,207.38 2 0
github.com/dghubble/oauth1/config.go:211.2,211.28 1 0
github.com/dghubble/oauth1/config.go:175.38,177.3 1 0
github.com/dghubble/oauth1/config.go:180.16,182.3 1 0
github.com/dghubble/oauth1/config.go:184.16,186.3 1 0
github.com/dghubble/oauth1/config.go:189.16,191.3 1 0
github.com/dghubble/oauth1/config.go:195.45,197.3 1 0
github.com/dghubble/oauth1/config.go:207.38,209.3 1 0
github.com/dghubble/oauth1/config.go:214.87,216.16 2 1
github.com/dghubble/oauth1/config.go:220.2,223.16 3 1
github.com/dghubble/oauth1/config.go:226.2,226.79 1 1
github.com/dghubble/oauth1/config.go:232.2,232.56 1 1
github.com/dghubble/oauth1/config.go:216.16,218.3 1 0
github.com/dghubble/oauth1/config.go:223.16,225.3 1 0
github.com/dghubble/oauth1/config.go:226.79,228.3 1 1
github.com/dghubble/oauth1/config.go:236.96,240.26 3 1
github.com/dghubble/oauth1/config.go:249.2,250.39 2 1
github.com/dghubble/oauth1/config.go:259.2,260.25 2 1
github.com/dghubble/oauth1/config.go:264.2,264.129 1 1
github.com/dghubble/oauth1/config.go:268.2,268.22 1 0
github.com/dghubble/oauth1/config.go:240.26,243.17 2 0
github.com/dghubble/oauth1/config.go:243.17,246.4 2 0
github.com/dghubble/oauth1/config.go:250.39,253.17 2 0
github.com/dghubble/oauth1/config.go:253.17,256.4 2 0
github.com/dghubble/oauth1/config.go:260.25,262.3 1 0
github.com/dghubble/oauth1/config.go:264.129,266.3 1 1
github.com/dghubble/oauth1/config.go:271.44,272.25 1 1
github.com/dghubble/oauth1/config.go:275.2,275.27 1 1
github.com/dghubble/oauth1/config.go:272.25,274.3 1 0
github.com/dghubble/oauth1/token.go:29.49,34.2 1 1
github.com/dghubble/oauth1/token.go:38.66,43.2 1 1
github.com/dghubble/oauth1/token.go:51.52,52.20 1 1
github.com/dghubble/oauth1/token.go:57.2,57.121 1 1
github.com/dghubble/oauth1/token.go:71.2,71.21 1 1
github.com/dghubble/oauth1/token.go:52.20,54.3 1 1
github.com/dghubble/oauth1/token.go:57.121,60.62 2 0
github.com/dghubble/oauth1/token.go:60.62,63.18 2 0
github.com/dghubble/oauth1/token.go:67.4,67.28 1 0
github.com/dghubble/oauth1/token.go:63.18,65.5 1 0
